build/app/outputs/mapping/release/mapping.txt
# compiler: R8
# compiler_version: 3.0.76
# min_api: 16
# pg_map_id: f9bc977
# common_typos_disable
...
io.flutter.embedding.android.FlutterImageView$SurfaceKind -> io.flutter.embedding.android.g$b:
    io.flutter.embedding.android.FlutterImageView$SurfaceKind background -> a
    io.flutter.embedding.android.FlutterImageView$SurfaceKind[] $VALUES -> c
    io.flutter.embedding.android.FlutterImageView$SurfaceKind overlay -> b
io.flutter.embedding.android.FlutterSplashView -> io.flutter.embedding.android.FlutterSplashView:
    io.flutter.embedding.android.SplashScreen splashScreen -> a
    java.lang.String previousCompletedSplashIsolate -> f
    io.flutter.embedding.engine.renderer.FlutterUiDisplayListener flutterUiDisplayListener -> h
    java.lang.Runnable onTransitionComplete -> i
    java.lang.String TAG -> j
    io.flutter.embedding.android.FlutterView flutterView -> b
    android.os.Bundle splashScreenState -> d
    io.flutter.embedding.android.FlutterView$FlutterEngineAttachmentListener flutterEngineAttachmentListener -> g
    android.view.View splashScreenView -> c
    java.lang.String transitioningIsolateId -> e
    io.flutter.embedding.android.FlutterView access$000(io.flutter.embedding.android.FlutterSplashView) -> a
    io.flutter.embedding.android.SplashScreen access$100(io.flutter.embedding.android.FlutterSplashView) -> b
    void access$200(io.flutter.embedding.android.FlutterSplashView) -> c
    android.view.View access$300(io.flutter.embedding.android.FlutterSplashView) -> d
    java.lang.String access$402(io.flutter.embedding.android.FlutterSplashView,java.lang.String) -> e
    java.lang.String access$500(io.flutter.embedding.android.FlutterSplashView) -> f
    void displayFlutterViewWithSplash(io.flutter.embedding.android.FlutterView,io.flutter.embedding.android.SplashScreen) -> g
    boolean hasSplashCompleted() -> h
    boolean isSplashScreenNeededNow() -> i
io.flutter.embedding.android.FlutterSplashView$1 -> io.flutter.embedding.android.FlutterSplashView$a:
    io.flutter.embedding.android.FlutterSplashView this$0 -> a
    void onFlutterEngineAttachedToFlutterView(io.flutter.embedding.engine.FlutterEngine) -> a
    void onFlutterEngineDetachedFromFlutterView() -> b
io.flutter.embedding.android.FlutterSplashView$2 -> io.flutter.embedding.android.FlutterSplashView$b:
    io.flutter.embedding.android.FlutterSplashView this$0 -> a
    void onFlutterUiDisplayed() -> c
    void onFlutterUiNoLongerDisplayed() -> e
io.flutter.embedding.android.FlutterSplashView$3 -> io.flutter.embedding.android.FlutterSplashView$c:
    io.flutter.embedding.android.FlutterSplashView this$0 -> a
io.flutter.embedding.android.FlutterSplashView$SavedState$1 -> io.flutter.embedding.android.FlutterSplashView$SavedState$a:
    io.flutter.embedding.android.FlutterSplashView$SavedState createFromParcel(android.os.Parcel) -> a
    io.flutter.embedding.android.FlutterSplashView$SavedState[] newArray(int) -> b