build/app/outputs/mapping/release/usage.txt
com.fabriciolima77.compare.comparador_combustivel.BuildConfig
com.fabriciolima77.compare.comparador_combustivel.R$attr
com.fabriciolima77.compare.comparador_combustivel.R$color
com.fabriciolima77.compare.comparador_combustivel.R$dimen
com.fabriciolima77.compare.comparador_combustivel.R$drawable
com.fabriciolima77.compare.comparador_combustivel.R$id
com.fabriciolima77.compare.comparador_combustivel.R$integer
com.fabriciolima77.compare.comparador_combustivel.R$layout
com.fabriciolima77.compare.comparador_combustivel.R$mipmap
com.fabriciolima77.compare.comparador_combustivel.R$string
com.fabriciolima77.compare.comparador_combustivel.R$style
com.fabriciolima77.compare.comparador_combustivel.R$styleable
com.fabriciolima77.compare.comparador_combustivel.R
...
org.jetbrains.annotations.TestOnly
androidx.activity.ComponentActivity$2:
    final synthetic androidx.activity.ComponentActivity this$0
androidx.activity.ComponentActivity$3:
    final synthetic androidx.activity.ComponentActivity this$0
androidx.activity.ComponentActivity
androidx.activity.OnBackPressedCallback
androidx.activity.OnBackPressedDispatcher$LifecycleOnBackPressedCancellable:
    private final androidx.activity.OnBackPressedCallback mOnBackPressedCallback
    final synthetic androidx.activity.OnBackPressedDispatcher this$0
androidx.activity.OnBackPressedDispatcher:
    androidx.activity.Cancellable addCancellableCallback(androidx.activity.OnBackPressedCallback)
    public void onBackPressed()
androidx.collection.ContainerHelpers:
    static final long[] EMPTY_LONGS
androidx.core.app.ComponentActivity
androidx.core.content.res.ResourcesCompat:
    private static final java.lang.Object sColorStateCacheLock
    private static final java.util.WeakHashMap sColorStateCaches
    private static final java.lang.ThreadLocal sTempTypedValue
androidx.core.view.WindowInsetsControllerCompat$Impl20:
    private final android.view.View mView
androidx.core.view.WindowInsetsControllerCompat$Impl30:
    final androidx.core.view.WindowInsetsControllerCompat mCompatController
    private final androidx.collection.SimpleArrayMap mListeners
androidx.fragment.app.Fragment$2:
    final synthetic androidx.fragment.app.Fragment this$0
androidx.fragment.app.Fragment
androidx.lifecycle.ClassesInfoCache$CallbackInfo
androidx.lifecycle.Lifecycle:
    java.util.concurrent.atomic.AtomicReference mInternalScopeRef
androidx.lifecycle.LiveData$LifecycleBoundObserver:
    final synthetic androidx.lifecycle.LiveData this$0
androidx.lifecycle.LiveData$ObserverWrapper:
    final androidx.lifecycle.Observer mObserver
    final synthetic androidx.lifecycle.LiveData this$0
androidx.lifecycle.LiveData
androidx.lifecycle.MethodCallsLogger:
    private java.util.Map mCalledMethods
androidx.lifecycle.Observer
androidx.lifecycle.ReflectiveGenericLifecycleObserver:
    private final androidx.lifecycle.ClassesInfoCache$CallbackInfo mInfo
    private final java.lang.Object mWrapped
androidx.lifecycle.ViewModelStore
androidx.savedstate.Recreator:
    private void reflectiveNew(java.lang.String)
androidx.savedstate.SavedStateRegistry$1:
    final synthetic androidx.savedstate.SavedStateRegistry this$0
androidx.savedstate.SavedStateRegistry$AutoRecreated
androidx.savedstate.SavedStateRegistry:
    boolean mAllowingSavingState
    public android.os.Bundle consumeRestoredStateForKey(java.lang.String)
io.flutter.FlutterInjector$Builder$NamedThreadFactory:
    final synthetic io.flutter.FlutterInjector$Builder this$0
io.flutter.FlutterInjector:
    private static boolean accessed
io.flutter.Log:
    public static int ASSERT
    public static int DEBUG
    public static int ERROR
    public static int INFO
    public static int VERBOSE
    public static int WARN
    private static int logLevel
io.flutter.embedding.android.DrawableSplashScreen$1:
    final synthetic io.flutter.embedding.android.DrawableSplashScreen this$0
io.flutter.embedding.engine.FlutterEngineConnectionRegistry$DefaultFlutterAssets:
    final io.flutter.embedding.engine.loader.FlutterLoader flutterLoader
io.flutter.embedding.engine.FlutterEngineConnectionRegistry$FlutterEngineActivityPluginBinding:
    private final android.app.Activity activity
    private final io.flutter.embedding.engine.plugins.lifecycle.HiddenLifecycleReference hiddenLifecycleReference
io.flutter.embedding.engine.FlutterEngineConnectionRegistry$FlutterEngineServicePluginBinding
io.flutter.embedding.engine.FlutterEngineConnectionRegistry:
    private io.flutter.embedding.engine.FlutterEngineConnectionRegistry$FlutterEngineServicePluginBinding servicePluginBinding
io.flutter.embedding.engine.dart.DartMessenger:
    private io.flutter.embedding.engine.dart.DartMessenger$TaskQueueFactory taskQueueFactory